* ******************************************************************************

* iCEcube Report

* Version:            2020.12.27943

* Build Date:         Dec  9 2020 17:31:51

* File Generated:     Feb 10 2021 21:54:37

* Purpose:            General info of design implementation

* Copyright (C) 2006-2010 by Lattice Semiconductor Corp. All rights reserved.

* ******************************************************************************

Synthesis/Placement Summary:
----------------------------
    Status:  Successful
    Runtime: 0 seconds

Device Info:
------------
    Device Family: iCE40
    Device:        iCE40HX1K
    Package:       TQ144

Design statistics:
------------------
    FFs:                  0
    LUTs:                 15
    RAMs:                 0
    IOBs:                 15
    GBs:                  1
    PLLs:                 0
    Warm Boots:           0

Logic Resource Utilization:
---------------------------
    Total Logic Cells: 16/1280
        Combinational Logic Cells: 16       out of   1280      1.25%
        Sequential Logic Cells:    0        out of   1280      0%
        Logic Tiles:               4        out of   160       2.5%
    Registers: 
        Logic Registers:           0        out of   1280      0%
        IO Registers:              4        out of   560       0.714286
    Block RAMs:                    0        out of   16        0%
    Warm Boots:                    0        out of   1         0%
    Pins:
        Input Pins:                11       out of   96        11.4583%
        Output Pins:               4        out of   96        4.16667%
        InOut Pins:                0        out of   96        0%
    Global Buffers:                1        out of   8         12.5%
    PLLs:                          0        out of   1         0%

IO Bank Utilization:
--------------------
    Bank 3: 11       out of   24        45.8333%
    Bank 1: 4        out of   25        16%
    Bank 0: 0        out of   23        0%
    Bank 2: 0        out of   24        0%

Detailed I/O Info:
------------------
    Input Pins: 
    Pin Number  Direction  IO Standard  Pull Up  IO Bank  IO Function        Signal Name
    ----------  ---------  -----------  -------  -------  -----------        -----------
    20          Input      SB_LVCMOS    No       3        Simple Input       clk        
    22          Input      SB_LVCMOS    No       3        Simple Input       b[3]       
    23          Input      SB_LVCMOS    No       3        Simple Input       a[3]       
    24          Input      SB_LVCMOS    No       3        Simple Input       b[0]       
    25          Input      SB_LVCMOS    No       3        Simple Input       b[1]       
    26          Input      SB_LVCMOS    No       3        Simple Input       b[2]       
    28          Input      SB_LVCMOS    No       3        Simple Input       a[1]       
    29          Input      SB_LVCMOS    No       3        Simple Input       a[0]       
    31          Input      SB_LVCMOS    No       3        Simple Input       func[1]    
    32          Input      SB_LVCMOS    No       3        Simple Input       func[0]    
    34          Input      SB_LVCMOS    No       3        Simple Input       a[2]       

    Output Pins: 
    Pin Number  Direction  IO Standard  Pull Up  IO Bank  IO Function        Signal Name
    ----------  ---------  -----------  -------  -------  -----------        -----------
    96          Output     SB_LVCMOS    No       1        Output Registered  result[3]  
    97          Output     SB_LVCMOS    No       1        Output Registered  result[2]  
    98          Output     SB_LVCMOS    No       1        Output Registered  result[1]  
    99          Output     SB_LVCMOS    No       1        Output Registered  result[0]  

Detailed Global Buffer Info:
----------------------------
    Buffer Number  IO Bank  Driven By  Fanout  Signal Name
    -------------  -------  ---------  ------  -----------
    4              3        IO         4       clk_c_g  
