* ******************************************************************************

* iCEcube Packer

* Version:            2020.12.27943

* Build Date:         Dec  9 2020 17:31:51

* File Generated:     Feb 10 2021 21:54:37

* Purpose:            General info of design implementation

* Copyright (C) 2006-2010 by Lattice Semiconductor Corp. All rights reserved.

* ******************************************************************************

Command Line: C:\lscc\iCEcube2.2020.12\sbt_backend\bin\win32\opt\packer.exe  C:/lscc/iCEcube2.2020.12/sbt_backend/devices\ICE40P01.dev  C:/Users/iTXS/FPGA/quadgen/quadgen_Implmnt/pr_1//sbt/netlist/oadb-top  --outdir  C:/Users/iTXS/FPGA/quadgen/quadgen_Implmnt/pr_1//sbt/outputs/packer  --package  TQ144  --basename  quadgen  --src_sdc_file  C:/Users/iTXS/FPGA/quadgen/quadgen_Implmnt/pr_1//sbt/outputs/placer/top_pl.sdc  --dst_sdc_file  C:/Users/iTXS/FPGA/quadgen/quadgen_Implmnt/pr_1//top_pk.sdc  --translator  C:/lscc/iCEcube2.2020.12/sbt_backend/bin/sdc_translator.tcl  --devicename  iCE40HX1K  

***** Device Info *****
Chip: iCE40HX1K
Package: TQ144
Size: 12 X 16

***** Design Utilization Info *****
Design: top
Used Logic Cell: 16/1280
Used Logic Tile: 4/160
Used IO Cell:    15/112
Used Bram Cell For iCE40: 0/16
Used PLL For iCE40: 0/1
Ram Cascading Used: 0
Lut Cascading Used: 0

***** Clock Info *****
Clock Domain: clk_c_g
Clock Source: clk 
Clock Driver: clk_ibuf_gb_io (ICE_GB_IO)
Driver Position: (0, 9, 0)
Fanout to FF: 4
Fanout to Tile: 2


***** Placement Info *****
Logic cell utilization per tile
    . . . . + . . . . 1 . . . . 
   ----------------------------
17|                             
16|   0 0 0 0 0 0 0 0 0 0 0 0   
15|   0 0 0 0 0 0 0 0 0 0 0 0   
14|   0 0 0 0 0 0 0 0 0 0 0 0   
13|   0 0 0 0 0 0 0 0 0 0 0 0   
12|   0 0 0 0 0 0 0 0 0 0 0 0   
11|   0 0 0 0 0 0 0 0 0 0 0 0   
10|   0 0 0 0 0 0 0 0 0 0 0 0   
 9|   0 0 0 0 0 0 0 0 0 0 0 0   
 8|   0 0 0 0 0 0 0 0 0 0 0 0   
 7|   0 3 0 0 0 0 0 0 0 0 0 0   
 6|   4 8 0 0 0 0 0 0 0 0 0 0   
 5|   0 1 0 0 0 0 0 0 0 0 0 0   
 4|   0 0 0 0 0 0 0 0 0 0 0 0   
 3|   0 0 0 0 0 0 0 0 0 0 0 0   
 2|   0 0 0 0 0 0 0 0 0 0 0 0   
 1|   0 0 0 0 0 0 0 0 0 0 0 0   
 0|                             

Maximum number of Logic cells per logic tile: 8
Average number of Logic cells per logic tile: 4.00

***** Input Pin Density Info *****
Number of input nets per logic tile
     .  .  .  .  +  .  .  .  .  1  .  .  .  . 
   ------------------------------------------
17|                                           
16|     0  0  0  0  0  0  0  0  0  0  0  0    
15|     0  0  0  0  0  0  0  0  0  0  0  0    
14|     0  0  0  0  0  0  0  0  0  0  0  0    
13|     0  0  0  0  0  0  0  0  0  0  0  0    
12|     0  0  0  0  0  0  0  0  0  0  0  0    
11|     0  0  0  0  0  0  0  0  0  0  0  0    
10|     0  0  0  0  0  0  0  0  0  0  0  0    
 9|     0  0  0  0  0  0  0  0  0  0  0  0    
 8|     0  0  0  0  0  0  0  0  0  0  0  0    
 7|     0  7  0  0  0  0  0  0  0  0  0  0    
 6|     5 16  0  0  0  0  0  0  0  0  0  0    
 5|     0  3  0  0  0  0  0  0  0  0  0  0    
 4|     0  0  0  0  0  0  0  0  0  0  0  0    
 3|     0  0  0  0  0  0  0  0  0  0  0  0    
 2|     0  0  0  0  0  0  0  0  0  0  0  0    
 1|     0  0  0  0  0  0  0  0  0  0  0  0    
 0|                                           

Maximum number of input nets per logic tile: 16
Average number of input nets per logic tile: 7.75

Number of input pins per logic tile
     .  .  .  .  +  .  .  .  .  1  .  .  .  . 
   ------------------------------------------
17|                                           
16|     0  0  0  0  0  0  0  0  0  0  0  0    
15|     0  0  0  0  0  0  0  0  0  0  0  0    
14|     0  0  0  0  0  0  0  0  0  0  0  0    
13|     0  0  0  0  0  0  0  0  0  0  0  0    
12|     0  0  0  0  0  0  0  0  0  0  0  0    
11|     0  0  0  0  0  0  0  0  0  0  0  0    
10|     0  0  0  0  0  0  0  0  0  0  0  0    
 9|     0  0  0  0  0  0  0  0  0  0  0  0    
 8|     0  0  0  0  0  0  0  0  0  0  0  0    
 7|     0  9  0  0  0  0  0  0  0  0  0  0    
 6|    12 24  0  0  0  0  0  0  0  0  0  0    
 5|     0  3  0  0  0  0  0  0  0  0  0  0    
 4|     0  0  0  0  0  0  0  0  0  0  0  0    
 3|     0  0  0  0  0  0  0  0  0  0  0  0    
 2|     0  0  0  0  0  0  0  0  0  0  0  0    
 1|     0  0  0  0  0  0  0  0  0  0  0  0    
 0|                                           

Maximum number of input pins per logic tile: 24
Average number of input pins per logic tile: 12.00

***** Run Time Info *****
Run Time:  0
